This is pdfTeX, Version 3.141592653-2.6-1.40.22 (TeX Live 2022/dev/Debian) (preloaded format=pdflatex 2024.1.20)  20 JAN 2024 07:44
entering extended mode
 restricted \write18 enabled.
 %&-line parsing enabled.
**PIO.tex
(./PIO.tex
LaTeX2e <2021-11-15> patch level 1
L3 programming layer <2022-01-21>
(/usr/share/texlive/texmf-dist/tex/latex/base/article.cls
Document Class: article 2021/10/04 v1.4n Standard LaTeX document class
(/usr/share/texlive/texmf-dist/tex/latex/base/size10.clo
File: size10.clo 2021/10/04 v1.4n Standard LaTeX file (size option)
)
\c@part=\count185
\c@section=\count186
\c@subsection=\count187
\c@subsubsection=\count188
\c@paragraph=\count189
\c@subparagraph=\count190
\c@figure=\count191
\c@table=\count192
\abovecaptionskip=\skip47
\belowcaptionskip=\skip48
\bibindent=\dimen138
)
(/usr/share/texlive/texmf-dist/tex/latex/graphics/color.sty
Package: color 2021/12/07 v1.3c Standard LaTeX Color (DPC)

(/usr/share/texlive/texmf-dist/tex/latex/graphics-cfg/color.cfg
File: color.cfg 2016/01/02 v1.6 sample color configuration
)
Package color Info: Driver file: pdftex.def on input line 149.

(/usr/share/texlive/texmf-dist/tex/latex/graphics-def/pdftex.def
File: pdftex.def 2020/10/05 v1.2a Graphics/color driver for pdftex
))
(/usr/share/texlive/texmf-dist/tex/latex/titlesec/titlesec.sty
Package: titlesec 2021/07/05 v2.14 Sectioning titles
\ttl@box=\box50
\beforetitleunit=\skip49
\aftertitleunit=\skip50
\ttl@plus=\dimen139
\ttl@minus=\dimen140
\ttl@toksa=\toks16
\titlewidth=\dimen141
\titlewidthlast=\dimen142
\titlewidthfirst=\dimen143
)
(/usr/share/texlive/texmf-dist/tex/latex/titlesec/titletoc.sty
Package: titletoc 2021/07/05 v2.14 TOC entries
\ttl@leftsep=\dimen144
)
(/usr/share/texlive/texmf-dist/tex/latex/url/url.sty
\Urlmuskip=\muskip16
Package: url 2013/09/16  ver 3.4  Verb mode for urls, etc.
)
(/usr/share/texlive/texmf-dist/tex/latex/base/fontenc.sty
Package: fontenc 2021/04/29 v2.0v Standard LaTeX package
)
(/usr/share/texlive/texmf-dist/tex/latex/base/inputenc.sty
Package: inputenc 2021/02/14 v1.3d Input encoding file
\inpenc@prehook=\toks17
\inpenc@posthook=\toks18
)
(/usr/share/texlive/texmf-dist/tex/latex/graphics/graphicx.sty
Package: graphicx 2021/09/16 v1.2d Enhanced LaTeX Graphics (DPC,SPQR)

(/usr/share/texlive/texmf-dist/tex/latex/graphics/keyval.sty
Package: keyval 2014/10/28 v1.15 key=value parser (DPC)
\KV@toks@=\toks19
)
(/usr/share/texlive/texmf-dist/tex/latex/graphics/graphics.sty
Package: graphics 2021/03/04 v1.4d Standard LaTeX Graphics (DPC,SPQR)

(/usr/share/texlive/texmf-dist/tex/latex/graphics/trig.sty
Package: trig 2021/08/11 v1.11 sin cos tan (DPC)
)
(/usr/share/texlive/texmf-dist/tex/latex/graphics-cfg/graphics.cfg
File: graphics.cfg 2016/06/04 v1.11 sample graphics configuration
)
Package graphics Info: Driver file: pdftex.def on input line 107.
)
\Gin@req@height=\dimen145
\Gin@req@width=\dimen146
)
(/usr/share/texlive/texmf-dist/tex/latex/xcolor/xcolor.sty
Package: xcolor 2021/10/31 v2.13 LaTeX color extensions (UK)

(/usr/share/texlive/texmf-dist/tex/latex/graphics-cfg/color.cfg
File: color.cfg 2016/01/02 v1.6 sample color configuration
)
Package xcolor Info: Driver file: pdftex.def on input line 227.

(/usr/share/texlive/texmf-dist/tex/latex/colortbl/colortbl.sty
Package: colortbl 2020/01/04 v1.0e Color table columns (DPC)

(/usr/share/texlive/texmf-dist/tex/latex/tools/array.sty
Package: array 2021/10/04 v2.5f Tabular extension package (FMi)
\col@sep=\dimen147
\ar@mcellbox=\box51
\extrarowheight=\dimen148
\NC@list=\toks20
\extratabsurround=\skip51
\backup@length=\skip52
\ar@cellbox=\box52
)
\everycr=\toks21
\minrowclearance=\skip53
)
LaTeX Info: Redefining \color on input line 711.
\rownum=\count193
Package xcolor Info: Model `cmy' substituted by `cmy0' on input line 1352.
Package xcolor Info: Model `hsb' substituted by `rgb' on input line 1356.
Package xcolor Info: Model `RGB' extended on input line 1368.
Package xcolor Info: Model `HTML' substituted by `rgb' on input line 1370.
Package xcolor Info: Model `Hsb' substituted by `hsb' on input line 1371.
Package xcolor Info: Model `tHsb' substituted by `hsb' on input line 1372.
Package xcolor Info: Model `HSB' substituted by `hsb' on input line 1373.
Package xcolor Info: Model `Gray' substituted by `gray' on input line 1374.
Package xcolor Info: Model `wave' substituted by `hsb' on input line 1375.
)
(/usr/share/texlive/texmf-dist/tex/latex/tocloft/tocloft.sty
Package: tocloft 2017/08/31 v2.3i parameterised ToC, etc., typesetting
Package tocloft Info: The document has section divisions on input line 51.
\cftparskip=\skip54
\cftbeforetoctitleskip=\skip55
\cftaftertoctitleskip=\skip56
\cftbeforepartskip=\skip57
\cftpartnumwidth=\skip58
\cftpartindent=\skip59
\cftbeforesecskip=\skip60
\cftsecindent=\skip61
\cftsecnumwidth=\skip62
\cftbeforesubsecskip=\skip63
\cftsubsecindent=\skip64
\cftsubsecnumwidth=\skip65
\cftbeforesubsubsecskip=\skip66
\cftsubsubsecindent=\skip67
\cftsubsubsecnumwidth=\skip68
\cftbeforeparaskip=\skip69
\cftparaindent=\skip70
\cftparanumwidth=\skip71
\cftbeforesubparaskip=\skip72
\cftsubparaindent=\skip73
\cftsubparanumwidth=\skip74
\cftbeforeloftitleskip=\skip75
\cftafterloftitleskip=\skip76
\cftbeforefigskip=\skip77
\cftfigindent=\skip78
\cftfignumwidth=\skip79
\c@lofdepth=\count194
\c@lotdepth=\count195
\cftbeforelottitleskip=\skip80
\cftafterlottitleskip=\skip81
\cftbeforetabskip=\skip82
\cfttabindent=\skip83
\cfttabnumwidth=\skip84
)
(/usr/share/texlive/texmf-dist/tex/latex/float/float.sty
Package: float 2001/11/08 v1.3d Float enhancements (AL)
\c@float@type=\count196
\float@exts=\toks22
\float@box=\box53
\@float@everytoks=\toks23
\@floatcapt=\box54
)
(/usr/share/texlive/texmf-dist/tex/latex/wasysym/wasysym.sty
Package: wasysym 2020/01/19 v2.4 Wasy-2 symbol support package
\symwasy=\mathgroup4
LaTeX Font Info:    Overwriting symbol font `wasy' in version `bold'
(Font)                  U/wasy/m/n --> U/wasy/b/n on input line 93.
)
(/usr/share/texlive/texmf-dist/tex/generic/babel/babel.sty
Package: babel 2022/01/26 3.70 The Babel package
\babel@savecnt=\count197
\U@D=\dimen149
\l@unhyphenated=\language40

(/usr/share/texlive/texmf-dist/tex/generic/babel/txtbabel.def)
\bbl@readstream=\read2
\bbl@dirlevel=\count198

(/usr/share/texlive/texmf-dist/tex/generic/babel-english/english.ldf
Language: english 2017/06/06 v3.3r English support from the babel system
Package babel Info: Hyphen rules for 'british' set to \l@english
(babel)             (\language0). Reported on input line 82.
Package babel Info: Hyphen rules for 'UKenglish' set to \l@english
(babel)             (\language0). Reported on input line 83.
Package babel Info: Hyphen rules for 'canadian' set to \l@english
(babel)             (\language0). Reported on input line 102.
Package babel Info: Hyphen rules for 'australian' set to \l@english
(babel)             (\language0). Reported on input line 105.
Package babel Info: Hyphen rules for 'newzealand' set to \l@english
(babel)             (\language0). Reported on input line 108.
)
(/usr/share/texlive/texmf-dist/tex/generic/babel-serbian/serbian.ldf
Language: serbian 2021/04/10 2.1 Serbian Latin support for the Babel system
Package babel Info: Making " an active character on input line 46.
\srbl@lettering=\count199
))
(/usr/share/texlive/texmf-dist/tex/latex/hyperref/hyperref.sty
Package: hyperref 2021-06-07 v7.00m Hypertext links for LaTeX

(/usr/share/texlive/texmf-dist/tex/generic/ltxcmds/ltxcmds.sty
Package: ltxcmds 2020-05-10 v1.25 LaTeX kernel commands for general use (HO)
)
(/usr/share/texlive/texmf-dist/tex/generic/iftex/iftex.sty
Package: iftex 2020/03/06 v1.0d TeX engine tests
)
(/usr/share/texlive/texmf-dist/tex/generic/pdftexcmds/pdftexcmds.sty
Package: pdftexcmds 2020-06-27 v0.33 Utility functions of pdfTeX for LuaTeX (HO
)

(/usr/share/texlive/texmf-dist/tex/generic/infwarerr/infwarerr.sty
Package: infwarerr 2019/12/03 v1.5 Providing info/warning/error messages (HO)
)
Package pdftexcmds Info: \pdf@primitive is available.
Package pdftexcmds Info: \pdf@ifprimitive is available.
Package pdftexcmds Info: \pdfdraftmode found.
)
(/usr/share/texlive/texmf-dist/tex/generic/kvsetkeys/kvsetkeys.sty
Package: kvsetkeys 2019/12/15 v1.18 Key value parser (HO)
)
(/usr/share/texlive/texmf-dist/tex/generic/kvdefinekeys/kvdefinekeys.sty
Package: kvdefinekeys 2019-12-19 v1.6 Define keys (HO)
)
(/usr/share/texlive/texmf-dist/tex/generic/pdfescape/pdfescape.sty
Package: pdfescape 2019/12/09 v1.15 Implements pdfTeX's escape features (HO)
)
(/usr/share/texlive/texmf-dist/tex/latex/hycolor/hycolor.sty
Package: hycolor 2020-01-27 v1.10 Color options for hyperref/bookmark (HO)
)
(/usr/share/texlive/texmf-dist/tex/latex/letltxmacro/letltxmacro.sty
Package: letltxmacro 2019/12/03 v1.6 Let assignment for LaTeX macros (HO)
)
(/usr/share/texlive/texmf-dist/tex/latex/auxhook/auxhook.sty
Package: auxhook 2019-12-17 v1.6 Hooks for auxiliary files (HO)
)
(/usr/share/texlive/texmf-dist/tex/latex/kvoptions/kvoptions.sty
Package: kvoptions 2020-10-07 v3.14 Key value format for package options (HO)
)
\@linkdim=\dimen150
\Hy@linkcounter=\count266
\Hy@pagecounter=\count267

(/usr/share/texlive/texmf-dist/tex/latex/hyperref/pd1enc.def
File: pd1enc.def 2021-06-07 v7.00m Hyperref: PDFDocEncoding definition (HO)
Now handling font encoding PD1 ...
... no UTF-8 mapping file for font encoding PD1
)
(/usr/share/texlive/texmf-dist/tex/latex/hyperref/hyperref-langpatches.def
File: hyperref-langpatches.def 2021-06-07 v7.00m Hyperref: patches for babel la
nguages
)
(/usr/share/texlive/texmf-dist/tex/generic/intcalc/intcalc.sty
Package: intcalc 2019/12/15 v1.3 Expandable calculations with integers (HO)
)
(/usr/share/texlive/texmf-dist/tex/generic/etexcmds/etexcmds.sty
Package: etexcmds 2019/12/15 v1.7 Avoid name clashes with e-TeX commands (HO)
)
\Hy@SavedSpaceFactor=\count268

(/usr/share/texlive/texmf-dist/tex/latex/hyperref/puenc.def
File: puenc.def 2021-06-07 v7.00m Hyperref: PDF Unicode definition (HO)
Now handling font encoding PU ...
... no UTF-8 mapping file for font encoding PU
)
Package hyperref Info: Option `unicode' set `true' on input line 4073.
Package hyperref Info: Hyper figures OFF on input line 4192.
Package hyperref Info: Link nesting OFF on input line 4197.
Package hyperref Info: Hyper index ON on input line 4200.
Package hyperref Info: Plain pages OFF on input line 4207.
Package hyperref Info: Backreferencing OFF on input line 4212.
Package hyperref Info: Implicit mode ON; LaTeX internals redefined.
Package hyperref Info: Bookmarks ON on input line 4445.
\c@Hy@tempcnt=\count269
LaTeX Info: Redefining \url on input line 4804.
\XeTeXLinkMargin=\dimen151

(/usr/share/texlive/texmf-dist/tex/generic/bitset/bitset.sty
Package: bitset 2019/12/09 v1.3 Handle bit-vector datatype (HO)

(/usr/share/texlive/texmf-dist/tex/generic/bigintcalc/bigintcalc.sty
Package: bigintcalc 2019/12/15 v1.5 Expandable calculations on big integers (HO
)
))
\Fld@menulength=\count270
\Field@Width=\dimen152
\Fld@charsize=\dimen153
Package hyperref Info: Hyper figures OFF on input line 6076.
Package hyperref Info: Link nesting OFF on input line 6081.
Package hyperref Info: Hyper index ON on input line 6084.
Package hyperref Info: backreferencing OFF on input line 6091.
Package hyperref Info: Link coloring OFF on input line 6096.
Package hyperref Info: Link coloring with OCG OFF on input line 6101.
Package hyperref Info: PDF/A mode OFF on input line 6106.
LaTeX Info: Redefining \ref on input line 6146.
LaTeX Info: Redefining \pageref on input line 6150.

(/usr/share/texlive/texmf-dist/tex/latex/base/atbegshi-ltx.sty
Package: atbegshi-ltx 2021/01/10 v1.0c Emulation of the original atbegshi
package with kernel methods
)
\Hy@abspage=\count271
\c@Item=\count272
\c@Hfootnote=\count273
)
Package hyperref Info: Driver (autodetected): hpdftex.

(/usr/share/texlive/texmf-dist/tex/latex/hyperref/hpdftex.def
File: hpdftex.def 2021-06-07 v7.00m Hyperref driver for pdfTeX

(/usr/share/texlive/texmf-dist/tex/latex/base/atveryend-ltx.sty
Package: atveryend-ltx 2020/08/19 v1.0a Emulation of the original atveryend pac
kage
with kernel methods
)
\Fld@listcount=\count274
\c@bookmark@seq@number=\count275

(/usr/share/texlive/texmf-dist/tex/latex/rerunfilecheck/rerunfilecheck.sty
Package: rerunfilecheck 2019/12/05 v1.9 Rerun checks for auxiliary files (HO)

(/usr/share/texlive/texmf-dist/tex/generic/uniquecounter/uniquecounter.sty
Package: uniquecounter 2019/12/15 v1.4 Provide unlimited unique counter (HO)
)
Package uniquecounter Info: New unique counter `rerunfilecheck' on input line 2
86.
)
\Hy@SectionHShift=\skip85
)
Package hyperref Info: Option `colorlinks' set `true' on input line 23.

(/usr/share/texlive/texmf-dist/tex/latex/listings/listings.sty
\lst@mode=\count276
\lst@gtempboxa=\box55
\lst@token=\toks24
\lst@length=\count277
\lst@currlwidth=\dimen154
\lst@column=\count278
\lst@pos=\count279
\lst@lostspace=\dimen155
\lst@width=\dimen156
\lst@newlines=\count280
\lst@lineno=\count281
\lst@maxwidth=\dimen157

(/usr/share/texlive/texmf-dist/tex/latex/listings/lstmisc.sty
File: lstmisc.sty 2020/03/24 1.8d (Carsten Heinz)
\c@lstnumber=\count282
\lst@skipnumbers=\count283
\lst@framebox=\box56
)
(/usr/share/texlive/texmf-dist/tex/latex/listings/listings.cfg
File: listings.cfg 2020/03/24 1.8d listings configuration
))
Package: listings 2020/03/24 1.8d (Carsten Heinz)

(/usr/share/texlive/texmf-dist/tex/latex/listings/lstlang1.sty
File: lstlang1.sty 2020/03/24 1.8d listings language file
)
(/usr/share/texlive/texmf-dist/tex/latex/l3backend/l3backend-pdftex.def
File: l3backend-pdftex.def 2022-01-12 L3 backend support: PDF output (pdfTeX)
\l__color_backend_stack_int=\count284
\l__pdf_internal_box=\box57
)
(./PIO.aux)
\openout1 = `PIO.aux'.

LaTeX Font Info:    Checking defaults for OML/cmm/m/it on input line 62.
LaTeX Font Info:    ... okay on input line 62.
LaTeX Font Info:    Checking defaults for OMS/cmsy/m/n on input line 62.
LaTeX Font Info:    ... okay on input line 62.
LaTeX Font Info:    Checking defaults for OT1/cmr/m/n on input line 62.
LaTeX Font Info:    ... okay on input line 62.
LaTeX Font Info:    Checking defaults for T1/cmr/m/n on input line 62.
LaTeX Font Info:    ... okay on input line 62.
LaTeX Font Info:    Checking defaults for TS1/cmr/m/n on input line 62.
LaTeX Font Info:    ... okay on input line 62.
LaTeX Font Info:    Checking defaults for OMX/cmex/m/n on input line 62.
LaTeX Font Info:    ... okay on input line 62.
LaTeX Font Info:    Checking defaults for U/cmr/m/n on input line 62.
LaTeX Font Info:    ... okay on input line 62.
LaTeX Font Info:    Checking defaults for PD1/pdf/m/n on input line 62.
LaTeX Font Info:    ... okay on input line 62.
LaTeX Font Info:    Checking defaults for PU/pdf/m/n on input line 62.
LaTeX Font Info:    ... okay on input line 62.
 (/usr/share/texlive/texmf-dist/tex/context/base/mkii/supp-pdf.mkii
[Loading MPS to PDF converter (version 2006.09.02).]
\scratchcounter=\count285
\scratchdimen=\dimen158
\scratchbox=\box58
\nofMPsegments=\count286
\nofMParguments=\count287
\everyMPshowfont=\toks25
\MPscratchCnt=\count288
\MPscratchDim=\dimen159
\MPnumerator=\count289
\makeMPintoPDFobject=\count290
\everyMPtoPDFconversion=\toks26
) (/usr/share/texlive/texmf-dist/tex/latex/epstopdf-pkg/epstopdf-base.sty
Package: epstopdf-base 2020-01-24 v2.11 Base part for package epstopdf
Package epstopdf-base Info: Redefining graphics rule for `.eps' on input line 4
85.

(/usr/share/texlive/texmf-dist/tex/latex/latexconfig/epstopdf-sys.cfg
File: epstopdf-sys.cfg 2010/07/13 v1.3 Configuration of (r)epstopdf for TeX Liv
e
))
Package hyperref Info: Link coloring ON on input line 62.

(/usr/share/texlive/texmf-dist/tex/latex/hyperref/nameref.sty
Package: nameref 2021-04-02 v2.47 Cross-referencing by name of section

(/usr/share/texlive/texmf-dist/tex/latex/refcount/refcount.sty
Package: refcount 2019/12/15 v3.6 Data extraction from label references (HO)
)
(/usr/share/texlive/texmf-dist/tex/generic/gettitlestring/gettitlestring.sty
Package: gettitlestring 2019/12/15 v1.6 Cleanup title references (HO)
)
\c@section@level=\count291
)
LaTeX Info: Redefining \ref on input line 62.
LaTeX Info: Redefining \pageref on input line 62.
LaTeX Info: Redefining \nameref on input line 62.

(./PIO.out) (./PIO.out)
\@outlinefile=\write3
\openout3 = `PIO.out'.

\c@lstlisting=\count292
LaTeX Font Info:    External font `cmex10' loaded for size
(Font)              <12> on input line 74.
LaTeX Font Info:    External font `cmex10' loaded for size
(Font)              <8> on input line 74.
LaTeX Font Info:    External font `cmex10' loaded for size
(Font)              <6> on input line 74.
LaTeX Font Info:    Trying to load font information for U+wasy on input line 74
.

(/usr/share/texlive/texmf-dist/tex/latex/wasysym/uwasy.fd
File: uwasy.fd 2020/01/19 v2.4 Wasy-2 symbol font definitions
) (./PIO.toc
LaTeX Font Info:    External font `cmex10' loaded for size
(Font)              <9> on input line 2.
LaTeX Font Info:    External font `cmex10' loaded for size
(Font)              <5> on input line 2.
 [1

{/var/lib/texmf/fonts/map/pdftex/updmap/pdftex.map}]
Overfull \hbox (2.12572pt too wide) in paragraph at lines 35--35
 [][] [][][]\T1/cmr/bx/n/9 Objasniti prin-cip po-ja-£a-ne ko-mu-ni-ka-ci-je me-
žu su-bjek- 
 []

[2] [3] [4]
Overfull \hbox (0.86868pt too wide) in paragraph at lines 95--95
 [][] [][][]\T1/cmr/bx/n/9 Objasniti vre-men-sku ko-he-zi-ju u kon-tek-stu ra-z
vo-ja sof- 
 []

[5]
Overfull \hbox (1.61699pt too wide) in paragraph at lines 119--119
 [][] [][][]\T1/cmr/bx/n/9 Navesti ne-ko-li-ko uo-bi-£a-je-nih na-£i-na spreg-n
u-to-sti kom- 
 []

[6]
Overfull \hbox (5.2908pt too wide) in paragraph at lines 142--142
 [][] [][][]\T1/cmr/bx/n/9 Skicirati di-ja-gram kla-sa obra-za-ca za pro-jek-to
-va-nje Pro- 
 []

[7]
Overfull \hbox (7.92833pt too wide) in paragraph at lines 144--144
 [][] [][][]\T1/cmr/bx/n/9 Skicirati di-ja-gram kla-sa obra-za-ca za pro-jek-to
-va-nje Stra- 
 []


Overfull \hbox (1.34804pt too wide) in paragraph at lines 146--146
 [][] [][][]\T1/cmr/bx/n/9 Skicirati di-ja-gram kla-sa obra-za-ca za pro-jek-to
-va-nje De- 
 []


Overfull \hbox (2.50122pt too wide) in paragraph at lines 148--148
 [][] [][][]\T1/cmr/bx/n/9 Skicirati di-ja-gram kla-sa obra-za-ca za pro-jek-to
-va-nje Slo- 
 []


Overfull \hbox (5.3533pt too wide) in paragraph at lines 150--150
 [][] [][][]\T1/cmr/bx/n/9 Skicirati di-ja-gram kla-sa obra-za-ca za pro-jek-to
-va-nje Uni- 
 []


Overfull \hbox (0.60306pt too wide) in paragraph at lines 152--152
 [][] [][][]\T1/cmr/bx/n/9 Skicirati di-ja-gram kla-sa obra-za-ca za pro-jek-to
-va-nje Po- 
 []


Overfull \hbox (0.60306pt too wide) in paragraph at lines 154--154
 [][] [][][]\T1/cmr/bx/n/9 Skicirati di-ja-gram kla-sa obra-za-ca za pro-jek-to
-va-nje Po- 
 []


Overfull \hbox (2.25404pt too wide) in paragraph at lines 156--156
 [][] [][][]\T1/cmr/bx/n/9 Skicirati di-ja-gram kla-sa obra-za-ca za pro-jek-to
-va-nje Ap- 
 []


Overfull \hbox (2.60213pt too wide) in paragraph at lines 164--164
 [][] [][][]\T1/cmr/bx/n/9 Navesti prin-ci-pe do-de-lji-va-nja od-go-vor-no-sti
 (di-zajn sof- 
 []

[8]
Overfull \hbox (1.24837pt too wide) in paragraph at lines 179--179
 [][] [][][]\T1/cmr/bx/n/9 Objasniti me-tod ek-stre-mnog pro-gra-mi-ra-nja ,,Ko
-ri-sni£- 
 []

[9] [10] [11] [12] [13] [14] [15] [16] [17] [18]
Overfull \hbox (0.89261pt too wide) in paragraph at lines 382--382
 [][] [][][]\T1/cmr/bx/n/9 ’ta je Do-xygen? ’ta omo-gu-¢a-va? Na-ve-sti pri-me-
re ano- 
 []

[19])
\tf@toc=\write4
\openout4 = `PIO.toc'.


Overfull \hbox (9.56433pt too wide) in paragraph at lines 83--83
|[]  \T1/cmr/bx/n/14.4 Ko-ji od po-ka-zi-va-£a p1, p2 i p3 ni-je isprav-
 []

LaTeX Font Info:    Trying to load font information for T1+cmtt on input line 8
4.
(/usr/share/texlive/texmf-dist/tex/latex/base/t1cmtt.fd
File: t1cmtt.fd 2019/12/16 v2.5j Standard LaTeX font definitions
) [20] [21]

LaTeX Warning: Citation `gfg_copy_assignment' on page 22 undefined on input lin
e 146.


LaTeX Warning: Citation `cppref_copy_assignment' on page 22 undefined on input 
line 147.


LaTeX Warning: Citation `sof_rule_of_three' on page 22 undefined on input line 
148.


LaTeX Warning: Citation `cppref_templates' on page 22 undefined on input line 1
69.

[22]
Overfull \hbox (12.79633pt too wide) in paragraph at lines 185--185
|[]  \T1/cmr/bx/n/14.4 Na-pi-sa-ti ²a-blon funk-ci-je ko-ja ra-£u-na sred-
 []

[23] [24] [25]
Overfull \hbox (21.64294pt too wide) in paragraph at lines 322--322
\T1/cmr/bx/n/14.4 sti re-zul-ta-ta ra-zvo-ja sof-tve-ra? Ob-ja-sni-ti ukrat-
 []

[26]
Overfull \hbox (19.19331pt too wide) in paragraph at lines 349--349
\T1/cmr/bx/n/14.4 zvi-ja-o-ca pri ra-zvo-ju sof-tve-ra? Ob-ja-sni-ti ukrat-
 []

[27]
Overfull \hbox (50.00006pt too wide) in paragraph at lines 382--388
[] 
 []

[28]
Overfull \hbox (1.84283pt too wide) in paragraph at lines 417--417
|[]  \T1/cmr/bx/n/14.4 Ob-ja-sni-ti prin-cip in-kre-men-tal-nog ra-zvo-
 []


LaTeX Warning: Citation `guru99_incremental_model' on page 29 undefined on inpu
t line 421.


Overfull \hbox (10.02977pt too wide) in paragraph at lines 438--438
|[]  \T1/cmr/bx/n/14.4 Ob-ja-sni-ti prin-cip odre-ži-va-nja ko-ra-ka pre-
 []

[29]
Overfull \hbox (17.05836pt too wide) in paragraph at lines 478--478
|[]  \T1/cmr/bx/n/14.4 Ob-ja-sni-ti prin-cip da-va-nja pred-no-sti objek-
 []

[30] [31]
Underfull \hbox (badness 10000) in paragraph at lines 547--548

 []


Underfull \hbox (badness 10000) in paragraph at lines 547--548

 []

[32]
<Slike/encapsulation.png, id=2590, 437.38406pt x 222.07968pt>
File: Slike/encapsulation.png Graphic file (type png)
<use Slike/encapsulation.png>
Package pdftex.def Info: Slike/encapsulation.png  used on input line 614.
(pdftex.def)             Requested size: 227.6212pt x 142.26266pt.
 [33 <./Slike/encapsulation.png>]

LaTeX Warning: Citation `catonmat_polymorphism' on page 34 undefined on input l
ine 636.

[34]

LaTeX Warning: Citation `vp_uml' on page 35 undefined on input line 696.

<Slike/uml.png, id=2601, 602.25pt x 335.2525pt>
File: Slike/uml.png Graphic file (type png)
<use Slike/uml.png>
Package pdftex.def Info: Slike/uml.png  used on input line 699.
(pdftex.def)             Requested size: 284.53705pt x 199.16821pt.
[35 <./Slike/uml.png>]
<Slike/uml_klase.png, id=2607, 903.375pt x 436.63126pt>
File: Slike/uml_klase.png Graphic file (type png)
<use Slike/uml_klase.png>
Package pdftex.def Info: Slike/uml_klase.png  used on input line 750.
(pdftex.def)             Requested size: 341.43896pt x 213.39154pt.
 [36]
<Slike/klasa_lista.png, id=2619, 603.25375pt x 526.96875pt>
File: Slike/klasa_lista.png Graphic file (type png)
<use Slike/klasa_lista.png>
Package pdftex.def Info: Slike/klasa_lista.png  used on input line 780.
(pdftex.def)             Requested size: 256.07108pt x 170.71602pt.
 [37 <./Slike/uml_klase.png>]
Overfull \hbox (6.98546pt too wide) in paragraph at lines 784--784
|[]  \T1/cmr/bx/n/14.4 Ka-ko se pred-sta-vlja-ju od-no-si iz-me-žu kla-
 []

[38 <./Slike/klasa_lista.png>]
<Slike/uml_objekat.png, id=2632, 663.22781pt x 183.68625pt>
File: Slike/uml_objekat.png Graphic file (type png)
<use Slike/uml_objekat.png>
Package pdftex.def Info: Slike/uml_objekat.png  used on input line 812.
(pdftex.def)             Requested size: 341.42952pt x 142.27406pt.
 [39 <./Slike/uml_objekat.png>]
<Slike/uml_aktivnost.png, id=2638, 430.60875pt x 493.845pt>
File: Slike/uml_aktivnost.png Graphic file (type png)
<use Slike/uml_aktivnost.png>
Package pdftex.def Info: Slike/uml_aktivnost.png  used on input line 870.
(pdftex.def)             Requested size: 227.62361pt x 227.61604pt.
 [40]
<Slike/uml_stanja.png, id=2647, 542.025pt x 189.70876pt>
File: Slike/uml_stanja.png Graphic file (type png)
<use Slike/uml_stanja.png>
Package pdftex.def Info: Slike/uml_stanja.png  used on input line 888.
(pdftex.def)             Requested size: 227.62413pt x 113.81165pt.
 [41 <./Slike/uml_aktivnost.png> <./Slike/uml_stanja.png>]
<Slike/slucaj_upotrebe_primer1.png, id=2654, 367.3725pt x 397.485pt>
File: Slike/slucaj_upotrebe_primer1.png Graphic file (type png)
<use Slike/slucaj_upotrebe_primer1.png>
Package pdftex.def Info: Slike/slucaj_upotrebe_primer1.png  used on input line 
920.
(pdftex.def)             Requested size: 170.71992pt x 142.26357pt.
<Slike/uml_slucaj_upotrebe.png, id=2655, 700.6175pt x 402.50375pt>
File: Slike/uml_slucaj_upotrebe.png Graphic file (type png)
<use Slike/uml_slucaj_upotrebe.png>
Package pdftex.def Info: Slike/uml_slucaj_upotrebe.png  used on input line 932.

(pdftex.def)             Requested size: 284.52895pt x 170.71481pt.

Underfull \hbox (badness 10000) in paragraph at lines 923--934

 []

[42 <./Slike/slucaj_upotrebe_primer1.png>]
Underfull \hbox (badness 10000) in paragraph at lines 937--938

 []

[43 <./Slike/uml_slucaj_upotrebe.png>]
Underfull \hbox (badness 10000) in paragraph at lines 957--958

 []

<Slike/dijagram_komunikacije.png, id=2667, 524.96124pt x 277.035pt>
File: Slike/dijagram_komunikacije.png Graphic file (type png)
<use Slike/dijagram_komunikacije.png>
Package pdftex.def Info: Slike/dijagram_komunikacije.png  used on input line 98
6.
(pdftex.def)             Requested size: 284.5322pt x 170.71579pt.
[44]
<Slike/dijagram_interakcije.png, id=2676, 855.195pt x 419.5675pt>
File: Slike/dijagram_interakcije.png Graphic file (type png)
<use Slike/dijagram_interakcije.png>
Package pdftex.def Info: Slike/dijagram_interakcije.png  used on input line 100
3.
(pdftex.def)             Requested size: 341.43254pt x 170.71776pt.
 [45 <./Slike/dijagram_komunikacije.png> <./Slike/dijagram_interakcije.png>]
<Slike/uml_sekvenci.png, id=2683, 777.90625pt x 288.07625pt>
File: Slike/uml_sekvenci.png Graphic file (type png)
<use Slike/uml_sekvenci.png>
Package pdftex.def Info: Slike/uml_sekvenci.png  used on input line 1022.
(pdftex.def)             Requested size: 284.53284pt x 170.72395pt.

Underfull \hbox (badness 10000) in paragraph at lines 1030--1031

 []

[46 <./Slike/uml_sekvenci.png>]
Underfull \hbox (badness 10000) in paragraph at lines 1037--1038

 []


Underfull \hbox (badness 10000) in paragraph at lines 1040--1041

 []


Underfull \hbox (badness 10000) in paragraph at lines 1042--1043

 []


Underfull \hbox (badness 10000) in paragraph at lines 1044--1045

 []


Underfull \hbox (badness 10000) in paragraph at lines 1046--1047

 []


Underfull \hbox (badness 10000) in paragraph at lines 1048--1049

 []


Underfull \hbox (badness 10000) in paragraph at lines 1050--1051

 []


Underfull \hbox (badness 10000) in paragraph at lines 1052--1053

 []

[47]
Underfull \hbox (badness 10000) in paragraph at lines 1087--1092

 []


Overfull \hbox (50.00006pt too wide) in paragraph at lines 1093--1097
[] 
 []


Underfull \hbox (badness 10000) in paragraph at lines 1093--1097

 []

[48]
Overfull \hbox (2.7487pt too wide) in paragraph at lines 1128--1128
|[]  \T1/cmr/bx/n/14.4 Ko-je su osnov-ne vr-ste de-kom-po-no-va-nja?| 
 []


Underfull \hbox (badness 10000) in paragraph at lines 1129--1130

 []


Underfull \hbox (badness 10000) in paragraph at lines 1131--1132

 []

[49]
Underfull \hbox (badness 10000) in paragraph at lines 1144--1146

 []


Overfull \hbox (5.11037pt too wide) in paragraph at lines 1150--1150
|[]  \T1/cmr/bx/n/14.4 Ko-je su po-ºelj-ne oso-bi-ne sof-tve-ra, iz ugla
 []


Underfull \hbox (badness 10000) in paragraph at lines 1159--1160

 []

[50]
Underfull \hbox (badness 10000) in paragraph at lines 1165--1166

 []


Underfull \hbox (badness 10000) in paragraph at lines 1167--1169

 []


LaTeX Warning: Citation `gfg_coupling_and_cohesion' on page 51 undefined on inp
ut line 1171.


LaTeX Warning: Citation `sjsu_coupling_and_cohesion' on page 51 undefined on in
put line 1172.


Overfull \hbox (5.27316pt too wide) in paragraph at lines 1201--1201
|[]  \T1/cmr/bx/n/14.4 Ob-ja-sni-ti ko-mu-ni-ka-ci-o-nu ko-he-zi-ju u kon-
 []

[51] [52] [53] [54]

LaTeX Warning: Citation `gfg_coupling_and_cohesion' on page 55 undefined on inp
ut line 1357.


Overfull \hbox (5.63487pt too wide) in paragraph at lines 1368--1368
|[]  \T1/cmr/bx/n/14.4 Ob-ja-sni-ti spreg-nu-tost po sa-dr-ºa-ju u kon-
 []

[55]
Overfull \hbox (0.15262pt too wide) in paragraph at lines 1396--1396
|[]  \T1/cmr/bx/n/14.4 Ob-ja-sni-ti spreg-nu-tost pre-ko za-jed-ni£-kih
 []

[56]
Underfull \hbox (badness 10000) in paragraph at lines 1463--1465

 []

[57] [58]
Underfull \hbox (badness 10000) in paragraph at lines 1517--1519

 []


Underfull \hbox (badness 10000) in paragraph at lines 1528--1530

 []

[59]
Overfull \hbox (18.88724pt too wide) in paragraph at lines 1583--1583
|[]  \T1/cmr/bx/n/14.4 Ob-ja-sni-ti od-nos sta-ti£-ke i di-na-mi£-ke spreg-
 []

[60]
Overfull \hbox (17.6027pt too wide) in paragraph at lines 1623--1623
|[]  \T1/cmr/bx/n/14.4 Na-ve-sti ne-ko-li-ko uo-bi-£a-je-nih na-£i-na spreg-
 []

[61] [62] [63]
Overfull \hbox (70.2937pt too wide) in paragraph at lines 1735--1739
\T1/cmr/m/n/9 £in.`` [] 
 []


Underfull \hbox (badness 10000) in paragraph at lines 1735--1739

 []


Overfull \hbox (0.61238pt too wide) in paragraph at lines 1740--1750
\T1/cmr/m/n/9 Vlis-si-des su ob-ja-vi-li knji-gu ,,De-sign Pat-terns: Ele-ments
 of Re-u-sa-ble Object-
 []

[64] [65] [66]
Overfull \hbox (3.17143pt too wide) in paragraph at lines 1853--1853
|[]  \T1/cmr/bx/n/14.4 Ob-ja-sni-ti na-me-nu gra-div-nih obra-za-ca za
 []


Underfull \hbox (badness 10000) in paragraph at lines 1871--1872

 []

[67] [68] [69]
Overfull \hbox (6.22316pt too wide) in paragraph at lines 1999--1999
|[]  \T1/cmr/bx/n/14.4 Ob-ja-sni-ti ka-da se i ka-ko pri-me-nju-je obra-
 []


Overfull \hbox (20.66734pt too wide) in paragraph at lines 2009--2015
[]\T1/cmr/m/n/9 U Java-i se ovaj obra-zac za pro-jek-to-va-nje do-sta ko-ri-sti
. Pri-mer: $\OML/cmm/m/it/9 InetAddress$
 []


Overfull \hbox (4.85208pt too wide) in paragraph at lines 2019--2019
|[]  \T1/cmr/bx/n/14.4 Ski-ci-ra-ti di-ja-gram kla-sa obra-za-ca za pro-
 []


Overfull \hbox (0.19188pt too wide) in paragraph at lines 2019--2019
\T1/cmr/bx/n/14.4 jek-to-va-nje Pro-i-zvod-ni me-tod (Fac-to-ry Met-
 []

<Slike/dp_factory_method.png, id=2919, 358.33875pt x 206.7725pt>
File: Slike/dp_factory_method.png Graphic file (type png)
<use Slike/dp_factory_method.png>
Package pdftex.def Info: Slike/dp_factory_method.png  used on input line 2022.
(pdftex.def)             Requested size: 284.54442pt x 170.71877pt.
[70]
Overfull \hbox (6.22316pt too wide) in paragraph at lines 2026--2026
|[]  \T1/cmr/bx/n/14.4 Ob-ja-sni-ti ka-da se i ka-ko pri-me-nju-je obra-
 []


Overfull \hbox (4.85208pt too wide) in paragraph at lines 2043--2043
|[]  \T1/cmr/bx/n/14.4 Ski-ci-ra-ti di-ja-gram kla-sa obra-za-ca za pro-
 []

<Slike/dp_strategy.png, id=2927, 378.41376pt x 204.765pt>
File: Slike/dp_strategy.png Graphic file (type png)
<use Slike/dp_strategy.png>
Package pdftex.def Info: Slike/dp_strategy.png  used on input line 2046.
(pdftex.def)             Requested size: 284.53137pt x 170.72662pt.
[71 <./Slike/dp_factory_method.png>]
Overfull \hbox (6.22316pt too wide) in paragraph at lines 2050--2050
|[]  \T1/cmr/bx/n/14.4 Ob-ja-sni-ti ka-da se i ka-ko pri-me-nju-je obra-
 []


Overfull \hbox (4.85208pt too wide) in paragraph at lines 2063--2063
|[]  \T1/cmr/bx/n/14.4 Ski-ci-ra-ti di-ja-gram kla-sa obra-za-ca za pro-
 []

<Slike/dp_decorator.png, id=2933, 356.33125pt x 212.795pt>
File: Slike/dp_decorator.png Graphic file (type png)
<use Slike/dp_decorator.png>
Package pdftex.def Info: Slike/dp_decorator.png  used on input line 2066.
(pdftex.def)             Requested size: 284.53796pt x 170.7265pt.
[72 <./Slike/dp_strategy.png>]
Overfull \hbox (6.22316pt too wide) in paragraph at lines 2070--2070
|[]  \T1/cmr/bx/n/14.4 Ob-ja-sni-ti ka-da se i ka-ko pri-me-nju-je obra-
 []


Overfull \hbox (4.85208pt too wide) in paragraph at lines 2084--2084
|[]  \T1/cmr/bx/n/14.4 Ski-ci-ra-ti di-ja-gram kla-sa obra-za-ca za pro-
 []

<Slike/dp_composite.png, id=2939, 414.54875pt x 213.79875pt>
File: Slike/dp_composite.png Graphic file (type png)
<use Slike/dp_composite.png>
Package pdftex.def Info: Slike/dp_composite.png  used on input line 2087.
(pdftex.def)             Requested size: 284.53346pt x 170.71625pt.
[73 <./Slike/dp_decorator.png>]
Overfull \hbox (6.22316pt too wide) in paragraph at lines 2091--2091
|[]  \T1/cmr/bx/n/14.4 Ob-ja-sni-ti ka-da se i ka-ko pri-me-nju-je obra-
 []

[74 <./Slike/dp_composite.png>]
Overfull \hbox (4.85208pt too wide) in paragraph at lines 2128--2128
|[]  \T1/cmr/bx/n/14.4 Ski-ci-ra-ti di-ja-gram kla-sa obra-za-ca za pro-
 []

<Slike/dp_singleton.png, id=2983, 131.49126pt x 103.38625pt>
File: Slike/dp_singleton.png Graphic file (type png)
<use Slike/dp_singleton.png>
Package pdftex.def Info: Slike/dp_singleton.png  used on input line 2131.
(pdftex.def)             Requested size: 113.8166pt x 85.35938pt.

Overfull \hbox (6.22316pt too wide) in paragraph at lines 2135--2135
|[]  \T1/cmr/bx/n/14.4 Ob-ja-sni-ti ka-da se i ka-ko pri-me-nju-je obra-
 []


Overfull \hbox (4.85208pt too wide) in paragraph at lines 2151--2151
|[]  \T1/cmr/bx/n/14.4 Ski-ci-ra-ti di-ja-gram kla-sa obra-za-ca za pro-
 []

<Slike/dp_visitor.png, id=2984, 422.57875pt x 217.81375pt>
File: Slike/dp_visitor.png Graphic file (type png)
<use Slike/dp_visitor.png>
Package pdftex.def Info: Slike/dp_visitor.png  used on input line 2154.
(pdftex.def)             Requested size: 284.53195pt x 142.2619pt.
[75 <./Slike/dp_singleton.png>]
Overfull \hbox (6.22316pt too wide) in paragraph at lines 2158--2158
|[]  \T1/cmr/bx/n/14.4 Ob-ja-sni-ti ka-da se i ka-ko pri-me-nju-je obra-
 []


Overfull \hbox (4.85208pt too wide) in paragraph at lines 2170--2170
|[]  \T1/cmr/bx/n/14.4 Ski-ci-ra-ti di-ja-gram kla-sa obra-za-ca za pro-
 []

<Slike/dp_observer.png, id=2990, 329.23pt x 214.8025pt>
File: Slike/dp_observer.png Graphic file (type png)
<use Slike/dp_observer.png>
Package pdftex.def Info: Slike/dp_observer.png  used on input line 2173.
(pdftex.def)             Requested size: 284.53386pt x 128.04015pt.
[76 <./Slike/dp_visitor.png>]
Overfull \hbox (6.22316pt too wide) in paragraph at lines 2177--2177
|[]  \T1/cmr/bx/n/14.4 Ob-ja-sni-ti ka-da se i ka-ko pri-me-nju-je obra-
 []


LaTeX Warning: Citation `medium_abstractfactory' on page 77 undefined on input 
line 2192.


Overfull \hbox (4.85208pt too wide) in paragraph at lines 2194--2194
|[]  \T1/cmr/bx/n/14.4 Ski-ci-ra-ti di-ja-gram kla-sa obra-za-ca za pro-
 []


Overfull \hbox (11.58301pt too wide) in paragraph at lines 2194--2194
\T1/cmr/bx/n/14.4 jek-to-va-nje Ap-strakt-na fa-bri-ka (Ab-stract Fac-
 []

<Slike/dp_abstract_factory.png, id=2996, 357.335pt x 216.81pt>
File: Slike/dp_abstract_factory.png Graphic file (type png)
<use Slike/dp_abstract_factory.png>
Package pdftex.def Info: Slike/dp_abstract_factory.png  used on input line 2197
.
(pdftex.def)             Requested size: 284.54343pt x 128.0425pt.
[77 <./Slike/dp_observer.png>] [78 <./Slike/dp_abstract_factory.png>] [79]

LaTeX Warning: Citation `agilemanifesto' on page 80 undefined on input line 228
3.


LaTeX Warning: Citation `ss_agile_manifesto' on page 80 undefined on input line
 2283.

[80] [81] [82]

LaTeX Warning: Citation `ss_agile_manifesto' on page 83 undefined on input line
 2364.


Underfull \hbox (badness 10000) in paragraph at lines 2377--2380

 []


LaTeX Warning: Citation `wikic2_xp' on page 83 undefined on input line 2384.


Overfull \hbox (0.52667pt too wide) in paragraph at lines 2381--2385
[]\T1/cmr/m/n/9 - Pri-klad-ni-ja al-ter-na-ti-va: \T1/cmr/bx/n/9 ,,Bu-si-nes-sV
a-lu-e-O-ri-en-ted-Pro-gram-ming``\T1/cmr/m/n/9 .
 []


LaTeX Warning: Citation `aa_xp' on page 83 undefined on input line 2402.


LaTeX Warning: Citation `ab_xp' on page 83 undefined on input line 2402.

[83]
<Slike/korisnicka_prica.png, id=3058, 883.3pt x 705.63625pt>
File: Slike/korisnicka_prica.png Graphic file (type png)
<use Slike/korisnicka_prica.png>
Package pdftex.def Info: Slike/korisnicka_prica.png  used on input line 2419.
(pdftex.def)             Requested size: 284.52174pt x 227.61708pt.

Underfull \hbox (badness 10000) in paragraph at lines 2427--2429

 []

[84 <./Slike/korisnicka_prica.png>]

LaTeX Warning: Citation `xporg_acceptance_tests' on page 85 undefined on input 
line 2450.

[85]
Overfull \hbox (1.12402pt too wide) in paragraph at lines 2481--2487
[]\T1/cmr/m/n/9 Metoda ,,Ko-lek-tiv-no vla-²ni-stvo`` (eng. ,,Col-lec-ti-ve co-
de owners-hip``) pod-
 []


Underfull \hbox (badness 10000) in paragraph at lines 2503--2506

 []

[86]
Underfull \hbox (badness 10000) in paragraph at lines 2507--2508

 []

[87]
Underfull \hbox (badness 10000) in paragraph at lines 2586--2589

 []

[88]
Underfull \hbox (badness 10000) in paragraph at lines 2596--2600

 []


Underfull \hbox (badness 10000) in paragraph at lines 2601--2603

 []


Overfull \hbox (4.87814pt too wide) in paragraph at lines 2617--2617
|[]  \T1/cmr/bx/n/14.4 Na-ve-sti i ob-ja-sni-ti ukrat-ko osnov-ne prin-
 []

[89]
Underfull \hbox (badness 10000) in paragraph at lines 2632--2636

 []


Underfull \hbox (badness 10000) in paragraph at lines 2647--2651

 []

[90]
Overfull \hbox (2.0921pt too wide) in paragraph at lines 2684--2684
|[]  \T1/cmr/bx/n/14.4 Ob-ja-sni-ti ulo-gu te-sto-va u kon-tek-stu ugla
 []

[91] [92] [93]
Overfull \hbox (14.91138pt too wide) in paragraph at lines 2779--2781
[]\T1/cmr/bx/n/9 CPPUNIT_ASSERT_DOUBLES_EQUAL_MESSAGE: \T1/cmr/m/n/9 Tvr-
 []


LaTeX Warning: Citation `cppunit_asserts' on page 94 undefined on input line 27
87.


Overfull \hbox (9.97404pt too wide) in paragraph at lines 2792--2796
\OML/cmm/m/it/9 Catch$\T1/cmr/m/n/9 -ov ma-in on-da de-fi-ni-²e-mo ma-kro \T1/c
mr/bx/n/9 CATCH_CONFIG_MAIN
 []

[94]

LaTeX Warning: Citation `c2_AAA' on page 95 undefined on input line 2825.


Overfull \hbox (1.14395pt too wide) in paragraph at lines 2858--2859
[]\T1/cmr/bx/n/9 CHECK_THROWS_AS/REQUIRE_THROWS_AS: \T1/cmr/m/n/9 Pro-
 []

[95]

LaTeX Warning: Citation `catch2_asserts' on page 96 undefined on input line 285
9.

[96] [97] [98]
Underfull \hbox (badness 10000) in paragraph at lines 2994--2997

 []


Underfull \hbox (badness 10000) in paragraph at lines 2998--2999

 []

[99]

LaTeX Warning: Citation `rg_refactoring' on page 100 undefined on input line 30
34.

[100]
Overfull \hbox (1.37872pt too wide) in paragraph at lines 3067--3067
|[]  \T1/cmr/bx/n/14.4 Za-²to du-ga£-ki me-to-di mo-gu pred-sta-vlja-
 []

[101]
Overfull \hbox (15.1425pt too wide) in paragraph at lines 3115--3116
[]\T1/cmr/m/n/9 Izvla£enje in-ter-fej-sa (ra-zli-£i-ti ti-po-vi ko-ri-sni-ka ko
-ri-ste is-tu klasu-interfejs). 
 []

[102] [103]
Overfull \hbox (15.42874pt too wide) in paragraph at lines 3233--3233
\T1/cmr/bx/n/14.4 mo-ºe da pred-sta-vlja pro-blem?(refaktorisanje)| 
 []

[104] [105] [106] [107]
Underfull \hbox (badness 10000) in paragraph at lines 3458--3461

 []


Underfull \hbox (badness 10000) in paragraph at lines 3465--3468

 []

[108] [109] [110]
Overfull \hbox (6.29538pt too wide) in paragraph at lines 3587--3587
|[]  \T1/cmr/bx/n/14.4 Ko-je okol-no-sti sma-nju-ju ve-ro-vat-no-¢u na-
 []


Overfull \hbox (0.62886pt too wide) in paragraph at lines 3616--3616
\T1/cmr/bx/n/14.4 ba-go-va-nja? Ob-ja-sni-ti ukrat-ko nji-hov od-nos.| 
 []

[111]
Underfull \hbox (badness 10000) in paragraph at lines 3620--3621

 []

[112] [113]
Overfull \hbox (3.14088pt too wide) in paragraph at lines 3732--3732
|[]  \T1/cmr/bx/n/14.4 Ob-ja-sni-ti pra-vi-lo de-ba-go-va-nja ,,Ra-zu-me-
 []


Underfull \hbox (badness 10000) in paragraph at lines 3733--3734

 []

[114]
Underfull \hbox (badness 10000) in paragraph at lines 3781--3785

 []

[115] [116] [117] [118]
Overfull \hbox (2.62375pt too wide) in paragraph at lines 3947--3947
\T1/cmr/bx/n/14.4 smo po-pra-vi-li bag, on-da on ni-je po-pra-vljen``.| 
 []

[119] [120]
Underfull \hbox (badness 10000) in paragraph at lines 4022--4023

 []


Overfull \hbox (5.45882pt too wide) in paragraph at lines 4032--4032
|[]  \T1/cmr/bx/n/14.4 Ob-ja-sni-ti teh-ni-ku osta-vlja-nja tra-go-va pri
 []

<Slike/log_vs_trace.png, id=3325, 978.65625pt x 303.1325pt>
File: Slike/log_vs_trace.png Graphic file (type png)
<use Slike/log_vs_trace.png>
Package pdftex.def Info: Slike/log_vs_trace.png  used on input line 4044.
(pdftex.def)             Requested size: 341.42978pt x 170.71976pt.
[121 <./Slike/log_vs_trace.png>]
Overfull \hbox (2.17282pt too wide) in paragraph at lines 4082--4082
|[]  \T1/cmr/bx/n/14.4 Ob-ja-sni-ti teh-ni-ku upo-tre-be de-ba-ge-ra Iz-
 []


Overfull \hbox (7.59818pt too wide) in paragraph at lines 4087--4087
|[]  \T1/cmr/bx/n/14.4 Ob-ja-sni-ti teh-ni-ku upo-tre-be de-ba-ge-ra Po-
 []

[122]
Overfull \hbox (14.46542pt too wide) in paragraph at lines 4092--4092
|[]  \T1/cmr/bx/n/14.4 Ob-ja-sni-ti teh-ni-ku upo-tre-be de-ba-ge-ra Pra-
 []


Overfull \hbox (14.46542pt too wide) in paragraph at lines 4096--4096
|[]  \T1/cmr/bx/n/14.4 Ob-ja-sni-ti teh-ni-ku upo-tre-be de-ba-ge-ra Pra-
 []


Overfull \hbox (14.46542pt too wide) in paragraph at lines 4100--4100
|[]  \T1/cmr/bx/n/14.4 Ob-ja-sni-ti teh-ni-ku upo-tre-be de-ba-ge-ra Pra-
 []


Overfull \hbox (14.46542pt too wide) in paragraph at lines 4105--4105
|[]  \T1/cmr/bx/n/14.4 Ob-ja-sni-ti teh-ni-ku upo-tre-be de-ba-ge-ra Pra-
 []


LaTeX Warning: Citation `gdb_commands' on page 123 undefined on input line 4108
.

[123] [124]
Underfull \hbox (badness 10000) in paragraph at lines 4196--4199

 []


Underfull \hbox (badness 10000) in paragraph at lines 4200--4202

 []

[125]
Overfull \hbox (15.41696pt too wide) in paragraph at lines 4243--4243
|[]  \T1/cmr/bx/n/14.4 Na-ve-sti i ukrat-ko ob-ja-sni-ti osnov-ne aspek-
 []

[126]
Underfull \hbox (badness 10000) in paragraph at lines 4271--4273

 []

[127] [128] [129]
Underfull \hbox (badness 10000) in paragraph at lines 4373--4377

 []

[130]
Underfull \hbox (badness 10000) in paragraph at lines 4418--4421

 []

<Slike/konkurencija_paralelizacija.jpg, id=3423, 417.05812pt x 203.25937pt>
File: Slike/konkurencija_paralelizacija.jpg Graphic file (type jpg)
<use Slike/konkurencija_paralelizacija.jpg>
Package pdftex.def Info: Slike/konkurencija_paralelizacija.jpg  used on input l
ine 4424.
(pdftex.def)             Requested size: 227.62627pt x 142.26817pt.
[131 <./Slike/konkurencija_paralelizacija.jpg>] [132]
<Slike/proces_niti.jpg, id=3440, 339.1872pt x 195.6108pt>
File: Slike/proces_niti.jpg Graphic file (type jpg)
<use Slike/proces_niti.jpg>
Package pdftex.def Info: Slike/proces_niti.jpg  used on input line 4522.
(pdftex.def)             Requested size: 227.62688pt x 142.2634pt.
 [133 <./Slike/proces_niti.jpg>]

LaTeX Warning: Citation `cppref_thread' on page 134 undefined on input line 456
9.

[134]
Underfull \hbox (badness 10000) in paragraph at lines 4631--4632

 []

[135]
Overfull \hbox (0.81244pt too wide) in paragraph at lines 4649--4649
|[]  \T1/cmr/bx/n/14.4 Na-ve-sti i ukrat-ko ob-ja-sni-ti osnov-ne ope-
 []

[136]
Underfull \hbox (badness 10000) in paragraph at lines 4698--4701

 []


Overfull \hbox (6.01765pt too wide) in paragraph at lines 4708--4708
\T1/cmr/bx/n/14.4 nja ni-ti. Ka-ko se im-ple-men-ti-ra po-mo-¢u stan-
 []


LaTeX Warning: Citation `cppref_threaddestructor' on page 137 undefined on inpu
t line 4712.


LaTeX Warning: Citation `cppref_yield' on page 137 undefined on input line 4729
.

[137]
Underfull \hbox (badness 10000) in paragraph at lines 4752--4753

 []


Underfull \hbox (badness 10000) in paragraph at lines 4754--4757

 []

[138] [139]

LaTeX Warning: Citation `cppref_mutex' on page 140 undefined on input line 4798
.


Overfull \hbox (35.32976pt too wide) in paragraph at lines 4828--4828
|[]  \T1/cmr/bx/n/14.4 ’ta je, £e-mu slu-ºi i ka-ko se ko-ri-sti lock_guard
 []


LaTeX Warning: Citation `cppref_lockguard' on page 140 undefined on input line 
4832.

[140]
Overfull \hbox (12.20251pt too wide) in paragraph at lines 4871--4872
[]\T1/cmr/bx/n/9 Konstruktor QMu-te-xLoc-ker(QMutex *): \T1/cmr/m/n/9 ƒi-nom pr
a-vlje-nja objek-
 []


Overfull \hbox (0.72437pt too wide) in paragraph at lines 4876--4881
[]\T1/cmr/bx/n/9 Kada Ko-ri-sti-mo QMu-te-xLoc-ker ume-sto QMu-tex? (ovo je ana
-
 []

[141]

LaTeX Warning: Citation `cppref_mutex' on page 142 undefined on input line 4894
.

[142]
Underfull \hbox (badness 10000) in paragraph at lines 4939--4942

 []


LaTeX Warning: Citation `cppref_semaphore' on page 143 undefined on input line 
4953.

[143]

LaTeX Warning: Citation `cppref_async' on page 144 undefined on input line 4995
.


LaTeX Warning: Citation `cppref_future' on page 144 undefined on input line 499
5.

[144]

LaTeX Warning: Citation `cppref_promise' on page 145 undefined on input line 50
25.

[145] [146] [147] [148]
Underfull \hbox (badness 10000) in paragraph at lines 5238--5239

 []


Underfull \hbox (badness 10000) in paragraph at lines 5240--5241

 []


Overfull \hbox (7.29536pt too wide) in paragraph at lines 5247--5247
|[]  \T1/cmr/bx/n/14.4 Na-ve-sti naj-va-ºni-je ti-po-ve sof-tver-skih me-
 []

[149]
<Slike/mera_napretka.png, id=3673, 1100.11pt x 544.0325pt>
File: Slike/mera_napretka.png Graphic file (type png)
<use Slike/mera_napretka.png>
Package pdftex.def Info: Slike/mera_napretka.png  used on input line 5271.
(pdftex.def)             Requested size: 341.43346pt x 227.62045pt.
<Slike/mera_dovrsavanja.png, id=3674, 1470.49374pt x 665.48625pt>
File: Slike/mera_dovrsavanja.png Graphic file (type png)
<use Slike/mera_dovrsavanja.png>
Package pdftex.def Info: Slike/mera_dovrsavanja.png  used on input line 5278.
(pdftex.def)             Requested size: 341.4375pt x 227.61287pt.
 [150 <./Slike/mera_napretka.png>]
<Slike/mera_napora.png, id=3680, 509.905pt x 361.35pt>
File: Slike/mera_napora.png Graphic file (type png)
<use Slike/mera_napora.png>
Package pdftex.def Info: Slike/mera_napora.png  used on input line 5284.
(pdftex.def)             Requested size: 341.44783pt x 227.62413pt.
 [151 <./Slike/mera_dovrsavanja.png> <./Slike/mera_napora.png>]
<Slike/trosak.png, id=3688, 490.83376pt x 263.98625pt>
File: Slike/trosak.png Graphic file (type png)
<use Slike/trosak.png>
Package pdftex.def Info: Slike/trosak.png  used on input line 5298.
(pdftex.def)             Requested size: 284.53398pt x 170.71492pt.
<Slike/problemi.png, id=3689, 890.32625pt x 417.56pt>
File: Slike/problemi.png Graphic file (type png)
<use Slike/problemi.png>
Package pdftex.def Info: Slike/problemi.png  used on input line 5305.
(pdftex.def)             Requested size: 284.52983pt x 170.71646pt.

Underfull \hbox (badness 10000) in paragraph at lines 5315--5316

 []

[152 <./Slike/trosak.png> <./Slike/problemi.png>]
Underfull \hbox (badness 10000) in paragraph at lines 5370--5373

 []


Underfull \hbox (badness 10000) in paragraph at lines 5374--5378

 []

<Slike/nestabilnost_primer.png, id=3696, 856.19875pt x 467.7475pt>
File: Slike/nestabilnost_primer.png Graphic file (type png)
<use Slike/nestabilnost_primer.png>
Package pdftex.def Info: Slike/nestabilnost_primer.png  used on input line 5382
.
(pdftex.def)             Requested size: 284.5192pt x 170.7157pt.
[153]
Overfull \hbox (1.4069pt too wide) in paragraph at lines 5403--5403
|[]  \T1/cmr/bx/n/14.4 Ob-ja-sni-ti od-nos me-tri-ka sta-bil-no-sti i ap-
 []

<Slike/apstraktnost_i_stabilnost.jpg, id=3703, 540.0175pt x 485.815pt>
File: Slike/apstraktnost_i_stabilnost.jpg Graphic file (type jpg)
<use Slike/apstraktnost_i_stabilnost.jpg>
Package pdftex.def Info: Slike/apstraktnost_i_stabilnost.jpg  used on input lin
e 5412.
(pdftex.def)             Requested size: 227.62155pt x 170.71237pt.
[154 <./Slike/nestabilnost_primer.png>] [155 <./Slike/apstraktnost_i_stabilnost
.jpg>]
Underfull \hbox (badness 10000) in paragraph at lines 5458--5461

 []


Underfull \hbox (badness 10000) in paragraph at lines 5462--5466

 []


Underfull \hbox (badness 10000) in paragraph at lines 5467--5471

 []

[156]
Overfull \hbox (8.60257pt too wide) in paragraph at lines 5490--5490
|[]  \T1/cmr/bx/n/14.4 Ob-ja-sni-ti po-jam ozna-ke u kon-tek-stu upo-
 []

[157] [158] [159]
Overfull \hbox (1.09015pt too wide) in paragraph at lines 5664--5664
|[]  \T1/cmr/bx/n/14.4 Na-ve-sti i ukrat-ko ob-ja-sni-ti osnov-ne kon-
 []

[160]
Overfull \hbox (6.70258pt too wide) in paragraph at lines 5676--5676
\T1/cmr/bx/n/14.4 nji-ho-vog me-nja-nja (na pri-me-ru si-ste-ma Red-
 []

[161]
Overfull \hbox (15.43561pt too wide) in paragraph at lines 5733--5733
|[]  \T1/cmr/bx/n/14.4 Na-ve-sti i ukrat-ko ob-ja-sni-ti osnov-ne oprav-
 []


Overfull \hbox (5.53256pt too wide) in paragraph at lines 5748--5750
[]$[]$ \T1/cmr/m/n/9 Va-ºno svim u£e-
 []

[162] [163]
Overfull \hbox (2.43518pt too wide) in paragraph at lines 5812--5812
|[]  \T1/cmr/bx/n/14.4 Ob-ja-sni-ti ulo-gu do-ku-men-ta-ci-je kao sred-
 []

[164]
Underfull \hbox (badness 10000) in paragraph at lines 5886--5889

 []


Underfull \hbox (badness 10000) in paragraph at lines 5890--5898

 []

[165]
Underfull \hbox (badness 10000) in paragraph at lines 5899--5902

 []


Underfull \hbox (badness 10000) in paragraph at lines 5912--5914

 []

[166]

LaTeX Warning: Citation `doxygen_commentblocks' on page 167 undefined on input 
line 5933.

[167] [168]
Overfull \hbox (0.42491pt too wide) in paragraph at lines 6057--6062
[]\T1/cmr/bx/n/9 Prevremena op-ti-mi-za-ci-ja: \T1/cmr/m/n/9 Op-ti-mi-za-ci-ja 
pre-du-ze-ta pre ne-go ²to zna-
 []

[169]
Overfull \hbox (4.33678pt too wide) in paragraph at lines 6090--6090
\T1/cmr/bx/n/14.4 va-nje ne-po-treb-ne pre-ci-zno-sti`` i ,,ta-bli-ce una-
 []

[170]
Underfull \hbox (badness 10000) in paragraph at lines 6102--6105

 []


Underfull \hbox (badness 10000) in paragraph at lines 6106--6109

 []


Underfull \hbox (badness 10000) in paragraph at lines 6115--6119

 []


Underfull \hbox (badness 10000) in paragraph at lines 6127--6129

 []

[171]
Overfull \hbox (1.54515pt too wide) in paragraph at lines 6149--6149
|[]  \T1/cmr/bx/n/14.4 Ob-ja-sni-ti teh-ni-ke op-ti-mi-za-ci-je ,,za-me-nji-
 []


Underfull \hbox (badness 10000) in paragraph at lines 6150--6153

 []


Underfull \hbox (badness 10000) in paragraph at lines 6159--6162

 []

[172]
Underfull \hbox (badness 10000) in paragraph at lines 6175--6177

 []


Underfull \hbox (badness 10000) in paragraph at lines 6178--6180

 []


Underfull \hbox (badness 10000) in paragraph at lines 6181--6183

 []


Overfull \hbox (1.798pt too wide) in paragraph at lines 6192--6193
[]\T1/cmr/m/n/9 Upotrebljavati re-fe-ren-ce ume-sto po-ka-zi-va-£a (jed-na-ko e
fi-ka-sno, a mno-
 []

[173] [174]

LaTeX Warning: Citation `uw_ui' on page 175 undefined on input line 6260.


Overfull \hbox (18.68428pt too wide) in paragraph at lines 6260--6261
[]\T1/cmr/bx/n/9 Esteti£an: \T1/cmr/m/n/9 Vi-zu-el-no pri-vla-£an i ja-san na-£
in pre-zen-to-va-nih informacija.[[]] 
 []

[175]
Overfull \hbox (1.85152pt too wide) in paragraph at lines 6279--6280
[]\T1/cmr/m/n/9 Objektno ori-jen-ti-sa-ne ra-zvoj-ne me-to-do-lo-gi-je. Poj-mo-
vi, kon-cep-ti, kon-
 []

[176]
No file PIO.bbl.
(./PIO.aux)

LaTeX Warning: There were undefined references.

Package rerunfilecheck Info: File `PIO.out' has not changed.
(rerunfilecheck)             Checksum: 834D8D0FF280B7DA9619BFC6A02571B7;156011.

 ) 
Here is how much of TeX's memory you used:
 15094 strings out of 479127
 224897 string characters out of 5870569
 1141801 words of memory out of 5000000
 31530 multiletter control sequences out of 15000+600000
 484429 words of font info for 61 fonts, out of 8000000 for 9000
 766 hyphenation exceptions out of 8191
 60i,7n,63p,918b,1875s stack positions out of 5000i,500n,10000p,200000b,80000s
 </home/maja/.texlive2021/texmf-var/fonts/pk/ljfour/jknappen/ec/ecbx1000.600p
k> </home/maja/.texlive2021/texmf-var/fonts/pk/ljfour/jknappen/ec/ecbx1200.600p
k> </home/maja/.texlive2021/texmf-var/fonts/pk/ljfour/jknappen/ec/ectt0900.600p
k> </home/maja/.texlive2021/texmf-var/fonts/pk/ljfour/jknappen/ec/ecti0900.600p
k> </home/maja/.texlive2021/texmf-var/fonts/pk/ljfour/jknappen/ec/tcrm0900.600p
k> </home/maja/.texlive2021/texmf-var/fonts/pk/ljfour/jknappen/ec/ecrm0500.600p
k> </home/maja/.texlive2021/texmf-var/fonts/pk/ljfour/jknappen/ec/ectt0800.525p
k> </home/maja/.texlive2021/texmf-var/fonts/pk/ljfour/jknappen/ec/ecrm1000.600p
k> </home/maja/.texlive2021/texmf-var/fonts/pk/ljfour/jknappen/ec/ecbx1440.600p
k> </home/maja/.texlive2021/texmf-var/fonts/pk/ljfour/jknappen/ec/ecrm0900.600p
k> </home/maja/.texlive2021/texmf-var/fonts/pk/ljfour/jknappen/ec/ecbx0900.600p
k> </home/maja/.texlive2021/texmf-var/fonts/pk/ljfour/jknappen/ec/ecrm1200.600p
k> </home/maja/.texlive2021/texmf-var/fonts/pk/ljfour/jknappen/ec/ecrm1728.600p
k></usr/share/texlive/texmf-dist/fonts/type1/public/amsfonts/cm/cmmi5.pfb></usr
/share/texlive/texmf-dist/fonts/type1/public/amsfonts/cm/cmmi6.pfb></usr/share/
texlive/texmf-dist/fonts/type1/public/amsfonts/cm/cmmi9.pfb></usr/share/texlive
/texmf-dist/fonts/type1/public/amsfonts/cm/cmr6.pfb></usr/share/texlive/texmf-d
ist/fonts/type1/public/amsfonts/cm/cmr9.pfb></usr/share/texlive/texmf-dist/font
s/type1/public/amsfonts/cm/cmsy6.pfb></usr/share/texlive/texmf-dist/fonts/type1
/public/amsfonts/cm/cmsy9.pfb></usr/share/texlive/texmf-dist/fonts/type1/public
/wasy-type1/wasy9.pfb>
Output written on PIO.pdf (176 pages, 2349395 bytes).
PDF statistics:
 4807 PDF objects out of 5155 (max. 8388607)
 3985 compressed objects within 40 object streams
 1342 named destinations out of 1440 (max. 500000)
 3404 words of extra memory for PDF output out of 10000 (max. 10000000)

